Removed Pin From Net: NetName=NetQ1_2 Pin=U1-1
Removed Pin From Net: NetName=NetR3_2 Pin=U1-2
Removed Pin From Net: NetName=NetC5_2 Pin=U1-3
Removed Pin From Net: NetName=GND Pin=U1-4
Removed Pin From Net: NetName=+12 Pin=U1-8
Added Component: Designator=IC?(SOP65P640X120-8N)
Add component (AddParameter): Name = "Arrow Part Number"; Value = ""; VariantName = "[No Variations]"
Add component (AddParameter): Name = "Arrow Price/Stock"; Value = ""; VariantName = "[No Variations]"
Add component (AddParameter): Name = "Datasheet Link"; Value = "https://www.rohm.com/datasheet?p=LM393FVT&dist=Mouser&media=referral&source=mouser.com&campaign=Mouser"; VariantName = "[No Variations]"
Add component (AddParameter): Name = "Height"; Value = "1.2mm"; VariantName = "[No Variations]"
Add component (AddParameter): Name = "Manufacturer_Name"; Value = "ROHM Semiconductor"; VariantName = "[No Variations]"
Add component (AddParameter): Name = "Manufacturer_Part_Number"; Value = "LM393FVT-E2"; VariantName = "[No Variations]"
Add component (AddParameter): Name = "Mouser Part Number"; Value = ""; VariantName = "[No Variations]"
Add component (AddParameter): Name = "Mouser Price/Stock"; Value = ""; VariantName = "[No Variations]"
Added Pin To Net: NetName=+5 Pin=R6-2
Add Pin To Net: Unknown Pin: Pin U1-10
Add Pin To Net: Unknown Pin: Pin U1-11
Add Pin To Net: Unknown Pin: Pin U1-13
Added Member To Class: ClassName=class_D_amplifier Member=Component IC? LM393FVT-E2
Added Member To Class: ClassName=class_D_amplifier Member=Component Q3 PNP
Added Room: Name=class_D_amplifier
Added Room: Name=power section
