Removed Pin From Net: NetName=NetC3_2 Pin=C3-2
Removed Pin From Net: NetName=NetC4_2 Pin=C4-2
Removed Pin From Net: NetName=NetQ1_2 Pin=R2-1
Removed Pin From Net: NetName=+12 Pin=R2-2
Removed Pin From Net: NetName=NetJ1_3 Pin=R3-1
Removed Pin From Net: NetName=NetJ1_2 Pin=R4-1
Removed Pin From Net: NetName=NetR3_2 Pin=R4-2
Removed Pin From Net: NetName=NetC3_2 Pin=R5-1
Removed Pin From Net: NetName=Audio out Pin=R5-2
Removed Pin From Net: NetName=NetC5_2 Pin=R7-2
Removed Pin From Net: NetName=NetC6_2 Pin=R8-2
Removed Pin From Net: NetName=NetQ1_2 Pin=U1-1
Removed Pin From Net: NetName=NetR3_2 Pin=U1-2
Removed Pin From Net: NetName=NetC5_2 Pin=U1-3
Removed Pin From Net: NetName=GND Pin=U1-4
Removed Pin From Net: NetName=+12 Pin=U1-8
Change Component Comment : Designator=R2 Old Comment=3k New Comment=10K
Change Component Comment : Designator=R4 Old Comment=10K New Comment=100
Change Component Comment : Designator=R5 Old Comment=100 New Comment=100k
Change Component Comment : Designator=R7 Old Comment=100k New Comment=47K
Change Component Designator: OldDesignator=C3 NewDesignator=C4
Change Component Designator: OldDesignator=C4 NewDesignator=C3
Change Component Designator: OldDesignator=IC1 NewDesignator=IC?
Change Component Designator: OldDesignator=R2 NewDesignator=R3
Change Component Designator: OldDesignator=R3 NewDesignator=R4
Change Component Designator: OldDesignator=R4 NewDesignator=R5
Change Component Designator: OldDesignator=R5 NewDesignator=R7
Change Component Designator: OldDesignator=R7 NewDesignator=R8
Change Component Designator: OldDesignator=U1 NewDesignator=U?
Added Component: Designator=R2(ERA3AEB101V)
Add component (AddParameter): Name = "Arrow Part Number"; Value = "ERA-3AED102V"; VariantName = "[No Variations]"
Add component (AddParameter): Name = "Arrow Price/Stock"; Value = "https://www.arrow.com/en/products/era3aed102v/panasonic?region=nac"; VariantName = "[No Variations]"
Add component (AddParameter): Name = "Datasheet Link"; Value = "https://industrial.panasonic.com/cdbs/www-data/pdf/RDM0000/AOA0000C307.pdf"; VariantName = "[No Variations]"
Add component (AddParameter): Name = "Height"; Value = "0.55mm"; VariantName = "[No Variations]"
Add component (AddParameter): Name = "Manufacturer_Name"; Value = "Panasonic"; VariantName = "[No Variations]"
Add component (AddParameter): Name = "Manufacturer_Part_Number"; Value = "ERA-3AED102V"; VariantName = "[No Variations]"
Add component (AddParameter): Name = "Mouser Part Number"; Value = "667-ERA-3AED102V"; VariantName = "[No Variations]"
Add component (AddParameter): Name = "Mouser Price/Stock"; Value = "https://www.mouser.co.uk/ProductDetail/Panasonic/ERA-3AED102V?qs=yocZuyCaXdNrh6oeFjCchg%3D%3D"; VariantName = "[No Variations]"
Added Pin To Net: NetName=NetC3_2 Pin=C3-2
Added Pin To Net: NetName=NetC4_2 Pin=C4-2
Added Pin To Net: NetName=NetQ1_2 Pin=R2-1
Added Pin To Net: NetName=+12 Pin=R2-2
Added Pin To Net: NetName=NetJ1_3 Pin=R3-1
Added Pin To Net: NetName=NetR3_2 Pin=R3-2
Added Pin To Net: NetName=NetJ1_2 Pin=R4-1
Added Pin To Net: NetName=NetC3_2 Pin=R5-1
Added Pin To Net: NetName=Audio out Pin=R5-2
Added Pin To Net: NetName=NetC5_2 Pin=R7-2
Added Pin To Net: NetName=NetC6_2 Pin=R8-2
Add Pin To Net: Unknown Pin: Pin U?-10
Add Pin To Net: Unknown Pin: Pin U?-11
Add Pin To Net: Unknown Pin: Pin U?-13
Added Pin To Net: NetName=NetIC?_3 Pin=IC?-3
Added Pin To Net: NetName=NetIC?_3 Pin=R7-1
Added Pin To Net: NetName=NetIC?_3 Pin=R8-1
Added Net: Name=NetIC?_3
Added Member To Class: ClassName=class_D_amplifier Member=Component R8 47K
Added Room: Name=class_D_amplifier
Added Room: Name=power section
